0 info it worked if it ends with ok
1 verbose cli [ 'node', '/usr/local/bin/npm', 'install', '-g', 'smartcomments' ]
2 info using npm@1.4.28
3 info using node@v0.10.35
4 verbose cache add [ 'smartcomments', null ]
5 verbose cache add name=undefined spec="smartcomments" args=["smartcomments",null]
6 verbose parsed url { protocol: null,
6 verbose parsed url   slashes: null,
6 verbose parsed url   auth: null,
6 verbose parsed url   host: null,
6 verbose parsed url   port: null,
6 verbose parsed url   hostname: null,
6 verbose parsed url   hash: null,
6 verbose parsed url   search: null,
6 verbose parsed url   query: null,
6 verbose parsed url   pathname: 'smartcomments',
6 verbose parsed url   path: 'smartcomments',
6 verbose parsed url   href: 'smartcomments' }
7 silly lockFile 26c1152c-smartcomments smartcomments
8 verbose lock smartcomments /Users/amarhazem/.npm/26c1152c-smartcomments.lock
9 silly lockFile 26c1152c-smartcomments smartcomments
10 silly lockFile 26c1152c-smartcomments smartcomments
11 verbose addNamed [ 'smartcomments', '' ]
12 verbose addNamed [ null, '*' ]
13 silly lockFile 66c70d05-smartcomments smartcomments@
14 verbose lock smartcomments@ /Users/amarhazem/.npm/66c70d05-smartcomments.lock
15 silly addNameRange { name: 'smartcomments', range: '*', hasData: false }
16 verbose request where is /smartcomments
17 verbose request registry https://registry.npmjs.org/
18 verbose request id 1aea68e1088ba781
19 verbose url raw /smartcomments
20 verbose url resolving [ 'https://registry.npmjs.org/', './smartcomments' ]
21 verbose url resolved https://registry.npmjs.org/smartcomments
22 verbose request where is https://registry.npmjs.org/smartcomments
23 info trying registry request attempt 1 at 05:10:16
24 http GET https://registry.npmjs.org/smartcomments
25 http 200 https://registry.npmjs.org/smartcomments
26 silly registry.get cb [ 200,
26 silly registry.get   { date: 'Thu, 19 Feb 2015 04:10:16 GMT',
26 silly registry.get     server: 'CouchDB/1.5.0 (Erlang OTP/R16B03)',
26 silly registry.get     etag: '"8OOVEHRRJEWPHK069UQ6D2TCS"',
26 silly registry.get     'content-type': 'application/json',
26 silly registry.get     'cache-control': 'max-age=60',
26 silly registry.get     'content-length': '9698',
26 silly registry.get     'accept-ranges': 'bytes',
26 silly registry.get     via: '1.1 varnish',
26 silly registry.get     age: '0',
26 silly registry.get     'x-served-by': 'cache-fra1246-FRA',
26 silly registry.get     'x-cache': 'MISS',
26 silly registry.get     'x-cache-hits': '0',
26 silly registry.get     'x-timer': 'S1424319016.724970,VS0,VE103',
26 silly registry.get     vary: 'Accept',
26 silly registry.get     'keep-alive': 'timeout=10, max=50',
26 silly registry.get     connection: 'Keep-Alive' } ]
27 silly addNameRange number 2 { name: 'smartcomments', range: '*', hasData: true }
28 silly addNameRange versions [ 'smartcomments',
28 silly addNameRange   [ '0.1.0', '0.1.1', '0.2.0', '0.2.1', '0.3.0', '0.3.1', '0.3.2' ] ]
29 verbose addNamed [ 'smartcomments', '0.3.2' ]
30 verbose addNamed [ '0.3.2', '0.3.2' ]
31 silly lockFile f2ea4e98-smartcomments-0-3-2 smartcomments@0.3.2
32 verbose lock smartcomments@0.3.2 /Users/amarhazem/.npm/f2ea4e98-smartcomments-0-3-2.lock
33 silly lockFile b7130543-comments-smartcomments-0-3-2-tgz https://registry.npmjs.org/smartcomments/-/smartcomments-0.3.2.tgz
34 verbose lock https://registry.npmjs.org/smartcomments/-/smartcomments-0.3.2.tgz /Users/amarhazem/.npm/b7130543-comments-smartcomments-0-3-2-tgz.lock
35 verbose addRemoteTarball [ 'https://registry.npmjs.org/smartcomments/-/smartcomments-0.3.2.tgz',
35 verbose addRemoteTarball   '51be0a58ee3b8c129d86ddd1a21269a32505a1a8' ]
36 info retry fetch attempt 1 at 05:10:16
37 verbose fetch to= /var/folders/bz/mkxflwv57l15j0zpvht0sbf40000gn/T/npm-24211-olcRf93Z/registry.npmjs.org/smartcomments/-/smartcomments-0.3.2.tgz
38 http GET https://registry.npmjs.org/smartcomments/-/smartcomments-0.3.2.tgz
39 http 200 https://registry.npmjs.org/smartcomments/-/smartcomments-0.3.2.tgz
40 silly lockFile b7130543-comments-smartcomments-0-3-2-tgz https://registry.npmjs.org/smartcomments/-/smartcomments-0.3.2.tgz
41 silly lockFile b7130543-comments-smartcomments-0-3-2-tgz https://registry.npmjs.org/smartcomments/-/smartcomments-0.3.2.tgz
42 silly lockFile f2ea4e98-smartcomments-0-3-2 smartcomments@0.3.2
43 silly lockFile f2ea4e98-smartcomments-0-3-2 smartcomments@0.3.2
44 silly lockFile 66c70d05-smartcomments smartcomments@
45 silly lockFile 66c70d05-smartcomments smartcomments@
46 silly resolved [ { name: 'smartcomments',
46 silly resolved     version: '0.3.2',
46 silly resolved     description: 'SmartComments, It\'s a tool that allow you to create implicit comments from javascript source code. You can integrate it with javascript documentation generators like YUIDocs.',
46 silly resolved     author: { name: 'Dariel N. Vila', email: 'darielnoel@gmail.com' },
46 silly resolved     engines: { node: '>=0.9.0' },
46 silly resolved     keywords:
46 silly resolved      [ 'generator',
46 silly resolved        'comments',
46 silly resolved        'documentation',
46 silly resolved        'yuidocs',
46 silly resolved        'docs',
46 silly resolved        'automatic' ],
46 silly resolved     bin: { smartcomments: './bin/smartcomments' },
46 silly resolved     dependencies:
46 silly resolved      { underscore: '>=1.6.0',
46 silly resolved        esprima: '>=1.0.4',
46 silly resolved        eswalker: '>=0.1.2',
46 silly resolved        'fs-extra': '>=0.6.4' },
46 silly resolved     devDependencies: {},
46 silly resolved     preferGlobal: 'true',
46 silly resolved     license: 'BSD',
46 silly resolved     repository:
46 silly resolved      { type: 'git',
46 silly resolved        url: 'https://github.com/smartcomments/smartcomments.git' },
46 silly resolved     bugs: { url: 'https://github.com/smartcomments/smartcomments/issues' },
46 silly resolved     homepage: 'https://github.com/smartcomments/smartcomments',
46 silly resolved     _id: 'smartcomments@0.3.2',
46 silly resolved     dist:
46 silly resolved      { shasum: '51be0a58ee3b8c129d86ddd1a21269a32505a1a8',
46 silly resolved        tarball: 'http://registry.npmjs.org/smartcomments/-/smartcomments-0.3.2.tgz' },
46 silly resolved     _from: 'smartcomments@',
46 silly resolved     _npmVersion: '1.4.3',
46 silly resolved     _npmUser: { name: 'darielnoel', email: 'darielnoel@gmail.com' },
46 silly resolved     maintainers: [ [Object] ],
46 silly resolved     directories: {},
46 silly resolved     _shasum: '51be0a58ee3b8c129d86ddd1a21269a32505a1a8',
46 silly resolved     _resolved: 'https://registry.npmjs.org/smartcomments/-/smartcomments-0.3.2.tgz' } ]
47 info install smartcomments@0.3.2 into /usr/local/lib
48 info installOne smartcomments@0.3.2
49 verbose lib/node_modules/smartcomments unbuild
50 verbose tar unpack /Users/amarhazem/.npm/smartcomments/0.3.2/package.tgz
51 silly lockFile 8bbdf785-l-lib-node-modules-smartcomments tar:///usr/local/lib/node_modules/smartcomments
52 verbose lock tar:///usr/local/lib/node_modules/smartcomments /Users/amarhazem/.npm/8bbdf785-l-lib-node-modules-smartcomments.lock
53 silly lockFile 99bfb240--smartcomments-0-3-2-package-tgz tar:///Users/amarhazem/.npm/smartcomments/0.3.2/package.tgz
54 verbose lock tar:///Users/amarhazem/.npm/smartcomments/0.3.2/package.tgz /Users/amarhazem/.npm/99bfb240--smartcomments-0-3-2-package-tgz.lock
55 silly gunzTarPerm modes [ '755', '644' ]
56 error Error: EACCES, mkdir '/usr/local/lib/node_modules/smartcomments'
56 error  { [Error: EACCES, mkdir '/usr/local/lib/node_modules/smartcomments']
56 error   errno: 3,
56 error   code: 'EACCES',
56 error   path: '/usr/local/lib/node_modules/smartcomments',
56 error   fstream_type: 'Directory',
56 error   fstream_path: '/usr/local/lib/node_modules/smartcomments',
56 error   fstream_class: 'DirWriter',
56 error   fstream_stack:
56 error    [ '/usr/local/lib/node_modules/npm/node_modules/fstream/lib/dir-writer.js:36:23',
56 error      '/usr/local/lib/node_modules/npm/node_modules/mkdirp/index.js:46:53',
56 error      'Object.oncomplete (fs.js:108:15)' ] }
57 error Please try running this command again as root/Administrator.
58 error System Darwin 14.0.0
59 error command "node" "/usr/local/bin/npm" "install" "-g" "smartcomments"
60 error cwd /Users/amarhazem/development/taketalk
61 error node -v v0.10.35
62 error npm -v 1.4.28
63 error path /usr/local/lib/node_modules/smartcomments
64 error fstream_path /usr/local/lib/node_modules/smartcomments
65 error fstream_type Directory
66 error fstream_class DirWriter
67 error code EACCES
68 error errno 3
69 error stack Error: EACCES, mkdir '/usr/local/lib/node_modules/smartcomments'
70 error fstream_stack /usr/local/lib/node_modules/npm/node_modules/fstream/lib/dir-writer.js:36:23
70 error fstream_stack /usr/local/lib/node_modules/npm/node_modules/mkdirp/index.js:46:53
70 error fstream_stack Object.oncomplete (fs.js:108:15)
71 verbose exit [ 3, true ]
